#
# A fatal error has been detected by the Java Runtime Environment:
#
#  SIGSEGV (0xb) at pc=0x00007fff67641831, pid=12506, tid=0x0000000000001303
#
# JRE version: Java(TM) SE Runtime Environment (8.0_111-b14) (build 1.8.0_111-b14)
# Java VM: Java HotSpot(TM) 64-Bit Server VM (25.111-b14 mixed mode bsd-amd64 compressed oops)
# Problematic frame:
# C  0x00007fff67641831
#
# Failed to write core dump. Core dumps have been disabled. To enable core dumping, try "ulimit -c unlimited" before starting Java again
#
# If you would like to submit a bug report, please visit:
#   http://bugreport.java.com/bugreport/crash.jsp
# The crash happened outside the Java Virtual Machine in native code.
# See problematic frame for where to report the bug.
#

---------------  T H R E A D  ---------------

Current thread (0x00007fae82807800):  JavaThread "main" [_thread_in_native, id=4867, stack(0x000000010fa6a000,0x000000010fb6a000)]

siginfo: si_signo: 11 (SIGSEGV), si_code: 1 (SEGV_MAPERR), si_addr: 0x000000012fb93000

Registers:
RAX=0x000000012fb93000, RBX=0x000000010fb670d0, RCX=0x000000012fb93028, RDX=0x0000000000001000
RSP=0x000000010fb66fb0, RBP=0x000000010fb66fc0, RSI=0x000000010fb66f90, RDI=0x0000000000000907
R8 =0x000000010fb67090, R9 =0x000000010fb67100, R10=0x0000000000000001, R11=0x0000000000000202
R12=0x00007fff67657510, R13=0x0000000000000000, R14=0x00007fff67647f18, R15=0x00007fff67657510
RIP=0x00007fff67641831, EFLAGS=0x0000000000010246, ERR=0x0000000000000006
  TRAPNO=0x000000000000000e

Top of Stack: (sp=0x000000010fb66fb0)
0x000000010fb66fb0:   00007fae8151aca0 000000012fb93000
0x000000010fb66fc0:   000000010fb670c0 00007fff67620607
0x000000010fb66fd0:   00007fae81445ce0 00007fff67664d38
0x000000010fb66fe0:   00007fae81764720 09003ab618cb54a1
0x000000010fb66ff0:   000000010fb67090 000000010fb67100
0x000000010fb67000:   ff80000000001001 000000010f96ffff
0x000000010fb67010:   000000010fb670b0 0000000000000000
0x000000010fb67020:   0000000000000000 0000000000000018
0x000000010fb67030:   000000010f96e000 0000000000000019
0x000000010fb67040:   000000010fb67070 00007fff808da667
0x000000010fb67050:   000000010f99e000 0000000000000019
0x000000010fb67060:   0000000000000007 0000000000000019
0x000000010fb67070:   000000010fb67090 00007fff808d9187
0x000000010fb67080:   000000010fb670c0 00007fff6762d470
0x000000010fb67090:   000000010fb66a40 09003ab618cb54a1
0x000000010fb670a0:   09003ab618cb54a1 000000010fb670d0
0x000000010fb670b0:   00007fae81764720 00007fff67664d38
0x000000010fb670c0:   000000010fb67130 00007fff6762b731
0x000000010fb670d0:   65547465476c675f 6275536572757478
0x000000010fb670e0:   4f43516567616d49 00007fff6762004d
0x000000010fb670f0:   00007fff72259110 0000000000000000
0x000000010fb67100:   00007fff67664d38 09003ab618cb54a1
0x000000010fb67110:   00007fff67664d38 0000000000000000
0x000000010fb67120:   00007fae81764720 00007fae82807800
0x000000010fb67130:   000000010fb67160 00007fff8d60b8f5
0x000000010fb67140:   0000000000000000 0000000000000000
0x000000010fb67150:   000000010fb67280 000000010fb67200
0x000000010fb67160:   000000010fb671c0 00000001294134b7
0x000000010fb67170:   000000010fb671c0 000000011162617c
0x000000010fb67180:   0000000796310d20 0000000000000000
0x000000010fb67190:   00007fae81764720 000000010fb671d8
0x000000010fb671a0:   00007fff67664d38 000000010fb67200 

Instructions: (pc=0x00007fff67641831)
0x00007fff67641811:   f8 ba 00 10 00 00 b9 01 00 00 00 e8 ce 43 00 00
0x00007fff67641821:   89 c1 31 c0 85 c9 75 35 48 8b 45 f8 48 8d 48 28
0x00007fff67641831:   48 89 08 48 8b 45 f8 48 89 48 08 48 8b 45 f8 48
0x00007fff67641841:   8d 88 ff 0f 00 00 48 89 48 10 48 8b 45 f8 48 8d 

Register to memory mapping:

RAX=0x000000012fb93000 is an unknown value
RBX=0x000000010fb670d0 is pointing into the stack for thread: 0x00007fae82807800
RCX=0x000000012fb93028 is an unknown value
RDX=0x0000000000001000 is an unknown value
RSP=0x000000010fb66fb0 is pointing into the stack for thread: 0x00007fae82807800
RBP=0x000000010fb66fc0 is pointing into the stack for thread: 0x00007fae82807800
RSI=0x000000010fb66f90 is pointing into the stack for thread: 0x00007fae82807800
RDI=0x0000000000000907 is an unknown value
R8 =0x000000010fb67090 is pointing into the stack for thread: 0x00007fae82807800
R9 =0x000000010fb67100 is pointing into the stack for thread: 0x00007fae82807800
R10=0x0000000000000001 is an unknown value
R11=0x0000000000000202 is an unknown value
R12=0x00007fff67657510 is an unknown value
R13=0x0000000000000000 is an unknown value
R14=0x00007fff67647f18 is an unknown value
R15=0x00007fff67657510 is an unknown value


Stack: [0x000000010fa6a000,0x000000010fb6a000],  sp=0x000000010fb66fb0,  free space=1011k
Native frames: (J=compiled Java code, j=interpreted, Vv=VM code, C=native code)
C  0x00007fff67641831
C  0x00007fff67620607
C  0x00007fff6762b731
C  [libdyld.dylib+0x28f5]  dlsym+0x48
C  [libgluegen-rt.jnilib+0x14b7]  Java_jogamp_common_os_UnixDynamicLinkerImpl_dlsym+0xd7
J 551  jogamp.common.os.UnixDynamicLinkerImpl.dlsym(JLjava/lang/String;)J (0 bytes) @ 0x0000000111630a07 [0x0000000111630940+0xc7]
J 577 C2 com.jogamp.common.os.DynamicLibraryBundle.dynamicLookupFunction(Ljava/lang/String;)J (129 bytes) @ 0x000000011164b470 [0x000000011164af00+0x570]
J 570 C1 com.jogamp.gluegen.runtime.opengl.GLProcAddressResolver.resolve(Ljava/lang/String;Lcom/jogamp/common/os/DynamicLookupHelper;)J (54 bytes) @ 0x000000011163963c [0x0000000111639140+0x4fc]
J 569 C1 com.jogamp.gluegen.runtime.ProcAddressTable.setEntry(Ljava/lang/reflect/Field;Ljava/lang/String;Lcom/jogamp/common/os/DynamicLookupHelper;)V (135 bytes) @ 0x000000011163a61c [0x000000011163a540+0xdc]
j  com.jogamp.gluegen.runtime.ProcAddressTable.reset(Lcom/jogamp/common/os/DynamicLookupHelper;)V+132
j  jogamp.opengl.GLContextImpl$1.run()Ljava/lang/Object;+8
v  ~StubRoutines::call_stub
V  [libjvm.dylib+0x2ecf8a]  JavaCalls::call_helper(JavaValue*, methodHandle*, JavaCallArguments*, Thread*)+0x6ae
V  [libjvm.dylib+0x34d6c8]  JVM_DoPrivileged+0x4b8
J 436  java.security.AccessController.doPrivileged(Ljava/security/PrivilegedAction;)Ljava/lang/Object; (0 bytes) @ 0x00000001115bddff [0x00000001115bdd40+0xbf]
j  jogamp.opengl.GLContextImpl.resetProcAddressTable(Lcom/jogamp/gluegen/runtime/ProcAddressTable;Ljogamp/opengl/GLDynamicLookupHelper;)V+10
j  jogamp.opengl.GLContextImpl.setGLFunctionAvailability(ZIIIZZ)Z+1985
j  jogamp.opengl.GLContextImpl.createContextARBVersions(JZIIIII[I[I)J+195
j  jogamp.opengl.GLContextImpl.createContextARBMapVersionsAvailable(Lcom/jogamp/nativewindow/AbstractGraphicsDevice;IIZ)Z+204
j  jogamp.opengl.GLContextImpl.mapGLVersions(Lcom/jogamp/nativewindow/AbstractGraphicsDevice;)Z+934
j  jogamp.opengl.GLContextImpl.createContextARB(JZ)J+116
j  jogamp.opengl.macosx.cgl.MacOSXCGLContext.createImpl(J)Z+287
j  jogamp.opengl.GLContextImpl.makeCurrentWithinLock(I)I+224
j  jogamp.opengl.GLContextImpl.makeCurrent(Z)I+488
j  jogamp.opengl.GLContextImpl.makeCurrent()I+2
j  jogamp.opengl.macosx.cgl.MacOSXCGLDrawableFactory.getOrCreateSharedResourceImpl(Lcom/jogamp/nativewindow/AbstractGraphicsDevice;)Ljogamp/opengl/macosx/cgl/MacOSXCGLDrawableFactory$SharedResource;+227
j  jogamp.opengl.macosx.cgl.MacOSXCGLDrawableFactory.getOrCreateSharedResourceImpl(Lcom/jogamp/nativewindow/AbstractGraphicsDevice;)Ljogamp/opengl/SharedResourceRunner$Resource;+2
j  jogamp.opengl.GLDrawableFactoryImpl.getOrCreateSharedResource(Lcom/jogamp/nativewindow/AbstractGraphicsDevice;)Ljogamp/opengl/SharedResourceRunner$Resource;+13
j  jogamp.opengl.GLDrawableFactoryImpl.createSharedResourceImpl(Lcom/jogamp/nativewindow/AbstractGraphicsDevice;)Z+2
j  com.jogamp.opengl.GLDrawableFactory.createSharedResource(Lcom/jogamp/nativewindow/AbstractGraphicsDevice;)Z+2
j  com.jogamp.opengl.GLProfile.initProfilesForDeviceCritical(Lcom/jogamp/nativewindow/AbstractGraphicsDevice;)Z+231
j  com.jogamp.opengl.GLProfile.initProfilesForDevice(Lcom/jogamp/nativewindow/AbstractGraphicsDevice;)Z+25
j  com.jogamp.opengl.GLProfile.initProfilesForDefaultDevices()V+633
j  com.jogamp.opengl.GLProfile.access$000()V+0
j  com.jogamp.opengl.GLProfile$1.run()Ljava/lang/Object;+58
v  ~StubRoutines::call_stub
V  [libjvm.dylib+0x2ecf8a]  JavaCalls::call_helper(JavaValue*, methodHandle*, JavaCallArguments*, Thread*)+0x6ae
V  [libjvm.dylib+0x34d6c8]  JVM_DoPrivileged+0x4b8
j  java.security.AccessController.doPrivileged(Ljava/security/PrivilegedAction;)Ljava/lang/Object;+0
j  com.jogamp.opengl.GLProfile.initSingleton()V+78
j  com.jogamp.opengl.GLProfile.getProfileMap(Lcom/jogamp/nativewindow/AbstractGraphicsDevice;Z)Ljava/util/HashMap;+0
j  com.jogamp.opengl.GLProfile.get(Lcom/jogamp/nativewindow/AbstractGraphicsDevice;Ljava/lang/String;)Lcom/jogamp/opengl/GLProfile;+16
j  com.jogamp.opengl.GLProfile.get(Ljava/lang/String;)Lcom/jogamp/opengl/GLProfile;+4
j  display.Window.<init>()V+54
j  display.DisplayTests.main([Ljava/lang/String;)V+4
v  ~StubRoutines::call_stub
V  [libjvm.dylib+0x2ecf8a]  JavaCalls::call_helper(JavaValue*, methodHandle*, JavaCallArguments*, Thread*)+0x6ae
V  [libjvm.dylib+0x323d82]  jni_invoke_static(JNIEnv_*, JavaValue*, _jobject*, JNICallType, _jmethodID*, JNI_ArgumentPusher*, Thread*)+0x1bf
V  [libjvm.dylib+0x31caf9]  jni_CallStaticVoidMethod+0x15d
C  [java+0x3931]  JavaMain+0x9c4
C  [libsystem_pthread.dylib+0x405a]  _pthread_body+0x83
C  [libsystem_pthread.dylib+0x3fd7]  _pthread_body+0x0
C  [libsystem_pthread.dylib+0x13ed]  thread_start+0xd
C  0x0000000000000000

Java frames: (J=compiled Java code, j=interpreted, Vv=VM code)
J 551  jogamp.common.os.UnixDynamicLinkerImpl.dlsym(JLjava/lang/String;)J (0 bytes) @ 0x0000000111630995 [0x0000000111630940+0x55]
J 577 C2 com.jogamp.common.os.DynamicLibraryBundle.dynamicLookupFunction(Ljava/lang/String;)J (129 bytes) @ 0x000000011164b470 [0x000000011164af00+0x570]
J 570 C1 com.jogamp.gluegen.runtime.opengl.GLProcAddressResolver.resolve(Ljava/lang/String;Lcom/jogamp/common/os/DynamicLookupHelper;)J (54 bytes) @ 0x000000011163963c [0x0000000111639140+0x4fc]
J 569 C1 com.jogamp.gluegen.runtime.ProcAddressTable.setEntry(Ljava/lang/reflect/Field;Ljava/lang/String;Lcom/jogamp/common/os/DynamicLookupHelper;)V (135 bytes) @ 0x000000011163a61c [0x000000011163a540+0xdc]
j  com.jogamp.gluegen.runtime.ProcAddressTable.reset(Lcom/jogamp/common/os/DynamicLookupHelper;)V+132
j  jogamp.opengl.GLContextImpl$1.run()Ljava/lang/Object;+8
v  ~StubRoutines::call_stub
J 436  java.security.AccessController.doPrivileged(Ljava/security/PrivilegedAction;)Ljava/lang/Object; (0 bytes) @ 0x00000001115bdd8f [0x00000001115bdd40+0x4f]
j  jogamp.opengl.GLContextImpl.resetProcAddressTable(Lcom/jogamp/gluegen/runtime/ProcAddressTable;Ljogamp/opengl/GLDynamicLookupHelper;)V+10
j  jogamp.opengl.GLContextImpl.setGLFunctionAvailability(ZIIIZZ)Z+1985
j  jogamp.opengl.GLContextImpl.createContextARBVersions(JZIIIII[I[I)J+195
j  jogamp.opengl.GLContextImpl.createContextARBMapVersionsAvailable(Lcom/jogamp/nativewindow/AbstractGraphicsDevice;IIZ)Z+204
j  jogamp.opengl.GLContextImpl.mapGLVersions(Lcom/jogamp/nativewindow/AbstractGraphicsDevice;)Z+934
j  jogamp.opengl.GLContextImpl.createContextARB(JZ)J+116
j  jogamp.opengl.macosx.cgl.MacOSXCGLContext.createImpl(J)Z+287
j  jogamp.opengl.GLContextImpl.makeCurrentWithinLock(I)I+224
j  jogamp.opengl.GLContextImpl.makeCurrent(Z)I+488
j  jogamp.opengl.GLContextImpl.makeCurrent()I+2
j  jogamp.opengl.macosx.cgl.MacOSXCGLDrawableFactory.getOrCreateSharedResourceImpl(Lcom/jogamp/nativewindow/AbstractGraphicsDevice;)Ljogamp/opengl/macosx/cgl/MacOSXCGLDrawableFactory$SharedResource;+227
j  jogamp.opengl.macosx.cgl.MacOSXCGLDrawableFactory.getOrCreateSharedResourceImpl(Lcom/jogamp/nativewindow/AbstractGraphicsDevice;)Ljogamp/opengl/SharedResourceRunner$Resource;+2
j  jogamp.opengl.GLDrawableFactoryImpl.getOrCreateSharedResource(Lcom/jogamp/nativewindow/AbstractGraphicsDevice;)Ljogamp/opengl/SharedResourceRunner$Resource;+13
j  jogamp.opengl.GLDrawableFactoryImpl.createSharedResourceImpl(Lcom/jogamp/nativewindow/AbstractGraphicsDevice;)Z+2
j  com.jogamp.opengl.GLDrawableFactory.createSharedResource(Lcom/jogamp/nativewindow/AbstractGraphicsDevice;)Z+2
j  com.jogamp.opengl.GLProfile.initProfilesForDeviceCritical(Lcom/jogamp/nativewindow/AbstractGraphicsDevice;)Z+231
j  com.jogamp.opengl.GLProfile.initProfilesForDevice(Lcom/jogamp/nativewindow/AbstractGraphicsDevice;)Z+25
j  com.jogamp.opengl.GLProfile.initProfilesForDefaultDevices()V+633
j  com.jogamp.opengl.GLProfile.access$000()V+0
j  com.jogamp.opengl.GLProfile$1.run()Ljava/lang/Object;+58
v  ~StubRoutines::call_stub
j  java.security.AccessController.doPrivileged(Ljava/security/PrivilegedAction;)Ljava/lang/Object;+0
j  com.jogamp.opengl.GLProfile.initSingleton()V+78
j  com.jogamp.opengl.GLProfile.getProfileMap(Lcom/jogamp/nativewindow/AbstractGraphicsDevice;Z)Ljava/util/HashMap;+0
j  com.jogamp.opengl.GLProfile.get(Lcom/jogamp/nativewindow/AbstractGraphicsDevice;Ljava/lang/String;)Lcom/jogamp/opengl/GLProfile;+16
j  com.jogamp.opengl.GLProfile.get(Ljava/lang/String;)Lcom/jogamp/opengl/GLProfile;+4
j  display.Window.<init>()V+54
j  display.DisplayTests.main([Ljava/lang/String;)V+4
v  ~StubRoutines::call_stub

---------------  P R O C E S S  ---------------

Java Threads: ( => current thread )
  0x00007fae818c7000 JavaThread "AWT-EventQueue-0" [_thread_blocked, id=50959, stack(0x000000012efce000,0x000000012f0ce000)]
  0x00007fae8321e000 JavaThread "Java2D Disposer" daemon [_thread_blocked, id=50711, stack(0x000000012eecb000,0x000000012efcb000)]
  0x00007fae818b1000 JavaThread "Java2D Queue Flusher" daemon [_thread_blocked, id=49159, stack(0x000000012def9000,0x000000012dff9000)]
  0x00007fae818af000 JavaThread "AWT-Shutdown" [_thread_blocked, id=28179, stack(0x000000012b554000,0x000000012b654000)]
  0x00007fae83176000 JavaThread "AWT-AppKit" daemon [_thread_in_native, id=1811, stack(0x00007fff4faad000,0x00007fff502ad000)]
  0x00007fae82018800 JavaThread "Service Thread" daemon [_thread_blocked, id=18179, stack(0x000000012911d000,0x000000012921d000)]
  0x00007fae81825800 JavaThread "C1 CompilerThread2" daemon [_thread_blocked, id=17667, stack(0x000000012901a000,0x000000012911a000)]
  0x00007fae81824800 JavaThread "C2 CompilerThread1" daemon [_thread_blocked, id=17155, stack(0x0000000128f17000,0x0000000129017000)]
  0x00007fae81823000 JavaThread "C2 CompilerThread0" daemon [_thread_blocked, id=16643, stack(0x0000000128e14000,0x0000000128f14000)]
  0x00007fae83028000 JavaThread "Signal Dispatcher" daemon [_thread_blocked, id=13579, stack(0x0000000128d11000,0x0000000128e11000)]
  0x00007fae8200f800 JavaThread "Finalizer" daemon [_thread_blocked, id=11523, stack(0x00000001272ef000,0x00000001273ef000)]
  0x00007fae8200c800 JavaThread "Reference Handler" daemon [_thread_blocked, id=11011, stack(0x00000001271ec000,0x00000001272ec000)]
=>0x00007fae82807800 JavaThread "main" [_thread_in_native, id=4867, stack(0x000000010fa6a000,0x000000010fb6a000)]

Other Threads:
  0x00007fae82008000 VMThread [stack: 0x00000001270e9000,0x00000001271e9000] [id=10499]
  0x00007fae82019800 WatcherThread [stack: 0x0000000129220000,0x0000000129320000] [id=18691]

VM state:not at safepoint (normal execution)

VM Mutex/Monitor currently owned by a thread: None

Heap:
 PSYoungGen      total 38400K, used 22922K [0x0000000795580000, 0x0000000798000000, 0x00000007c0000000)
  eden space 33280K, 68% used [0x0000000795580000,0x0000000796be2a58,0x0000000797600000)
  from space 5120K, 0% used [0x0000000797b00000,0x0000000797b00000,0x0000000798000000)
  to   space 5120K, 0% used [0x0000000797600000,0x0000000797600000,0x0000000797b00000)
 ParOldGen       total 87552K, used 0K [0x0000000740000000, 0x0000000745580000, 0x0000000795580000)
  object space 87552K, 0% used [0x0000000740000000,0x0000000740000000,0x0000000745580000)
 Metaspace       used 12100K, capacity 12298K, committed 12544K, reserved 1060864K
  class space    used 1187K, capacity 1280K, committed 1280K, reserved 1048576K

Card table byte_map: [0x0000000120761000,0x0000000120b62000] byte_map_base: 0x000000011cd61000

Marking Bits: (ParMarkBitMap*) 0x0000000110cefd20
 Begin Bits: [0x0000000121219000, 0x0000000123219000)
 End Bits:   [0x0000000123219000, 0x0000000125219000)

Polling page: 0x000000010fbaf000

CodeCache: size=245760Kb used=2735Kb max_used=2749Kb free=243024Kb
 bounds [0x00000001113a1000, 0x0000000111661000, 0x00000001203a1000]
 total_blobs=1320 nmethods=583 adapters=651
 compilation: enabled

Compilation events (10 events):
Event: 0.972 Thread 0x00007fae81823000 nmethod 577 0x000000011164ad10 code [0x000000011164af00, 0x000000011164b988]
Event: 1.093 Thread 0x00007fae81825800  579       3       com.jogamp.gluegen.runtime.opengl.GLNameResolver::getFuncNamePermutationNumber (30 bytes)
Event: 1.094 Thread 0x00007fae81825800 nmethod 579 0x0000000111649ad0 code [0x0000000111649c80, 0x000000011164a118]
Event: 1.094 Thread 0x00007fae81825800  580       3       com.jogamp.gluegen.runtime.opengl.GLNameResolver::isExtensionARB (9 bytes)
Event: 1.094 Thread 0x00007fae81825800 nmethod 580 0x000000011164a890 code [0x000000011164aa00, 0x000000011164ac48]
Event: 1.101 Thread 0x00007fae81825800  581       3       java.lang.Package::isSealed (13 bytes)
Event: 1.101 Thread 0x00007fae81825800 nmethod 581 0x0000000111647610 code [0x0000000111647780, 0x0000000111647930]
Event: 1.101 Thread 0x00007fae81825800  582       3       java.lang.ClassLoader::compareCerts (149 bytes)
Event: 1.102 Thread 0x00007fae81825800 nmethod 582 0x000000011164d910 code [0x000000011164dae0, 0x000000011164e398]
Event: 1.290 Thread 0x00007fae81824800  583   !   4       com.jogamp.gluegen.runtime.opengl.GLProcAddressResolver::resolve (54 bytes)

GC Heap History (0 events):
No events

Deoptimization events (1 events):
Event: 0.118 Thread 0x00007fae82807800 Uncommon trap: reason=unstable_if action=reinterpret pc=0x00000001114dec80 method=java.lang.String.indexOf(II)I @ 49

Internal exceptions (10 events):
Event: 0.090 Thread 0x00007fae82807800 Exception <a 'java/security/PrivilegedActionException'> (0x00000007956e2a28) thrown at [/Users/java_re/workspace/8-2-build-macosx-x86_64/jdk8u111/7883/hotspot/src/share/vm/prims/jvm.cpp, line 1386]
Event: 0.147 Thread 0x00007fae82807800 Exception <a 'java/security/PrivilegedActionException'> (0x0000000795901758) thrown at [/Users/java_re/workspace/8-2-build-macosx-x86_64/jdk8u111/7883/hotspot/src/share/vm/prims/jvm.cpp, line 1386]
Event: 0.147 Thread 0x00007fae82807800 Exception <a 'java/security/PrivilegedActionException'> (0x0000000795901968) thrown at [/Users/java_re/workspace/8-2-build-macosx-x86_64/jdk8u111/7883/hotspot/src/share/vm/prims/jvm.cpp, line 1386]
Event: 0.147 Thread 0x00007fae82807800 Exception <a 'java/security/PrivilegedActionException'> (0x0000000795904c70) thrown at [/Users/java_re/workspace/8-2-build-macosx-x86_64/jdk8u111/7883/hotspot/src/share/vm/prims/jvm.cpp, line 1386]
Event: 0.147 Thread 0x00007fae82807800 Exception <a 'java/security/PrivilegedActionException'> (0x0000000795904e80) thrown at [/Users/java_re/workspace/8-2-build-macosx-x86_64/jdk8u111/7883/hotspot/src/share/vm/prims/jvm.cpp, line 1386]
Event: 0.198 Thread 0x00007fae82807800 Exception <a 'java/lang/UnsatisfiedLinkError': com.jogamp.common.util.JarUtil.fixNativeLibAttribs(Ljava/lang/String;)Z> (0x0000000795a05c70) thrown at [/Users/java_re/workspace/8-2-build-macosx-x86_64/jdk8u111/7883/hotspot/src/share/vm/prims/nativeLookup.
Event: 0.233 Thread 0x00007fae82807800 Exception <a 'java/lang/NoSuchFieldError': method resolution failed> (0x0000000795b81818) thrown at [/Users/java_re/workspace/8-2-build-macosx-x86_64/jdk8u111/7883/hotspot/src/share/vm/prims/methodHandles.cpp, line 1146]
Event: 0.236 Thread 0x00007fae82807800 Exception <a 'java/lang/NoSuchFieldError': method resolution failed> (0x0000000795b8efe8) thrown at [/Users/java_re/workspace/8-2-build-macosx-x86_64/jdk8u111/7883/hotspot/src/share/vm/prims/methodHandles.cpp, line 1146]
Event: 0.449 Thread 0x00007fae82807800 Exception <a 'java/io/FileNotFoundException'> (0x0000000795d6d488) thrown at [/Users/java_re/workspace/8-2-build-macosx-x86_64/jdk8u111/7883/hotspot/src/share/vm/prims/jni.cpp, line 709]
Event: 0.449 Thread 0x00007fae82807800 Exception <a 'java/io/FileNotFoundException'> (0x0000000795d6e038) thrown at [/Users/java_re/workspace/8-2-build-macosx-x86_64/jdk8u111/7883/hotspot/src/share/vm/prims/jni.cpp, line 709]

Events (10 events):
Event: 1.101 loading class com/jogamp/common/nio/PointerBuffer
Event: 1.101 loading class com/jogamp/common/nio/PointerBuffer done
Event: 1.101 loading class com/jogamp/common/nio/AbstractBuffer
Event: 1.101 loading class com/jogamp/common/nio/AbstractBuffer done
Event: 1.101 loading class com/jogamp/common/nio/NativeBuffer
Event: 1.101 loading class com/jogamp/common/nio/NativeBuffer done
Event: 1.107 loading class com/jogamp/opengl/GLUniformData
Event: 1.107 loading class com/jogamp/opengl/GLUniformData done
Event: 1.110 loading class jogamp/opengl/GLContextImpl$MappedGLVersion
Event: 1.110 loading class jogamp/opengl/GLContextImpl$MappedGLVersion done


Dynamic libraries:
0x000000000028d000 	/System/Library/Frameworks/Cocoa.framework/Versions/A/Cocoa
0x000000000028d000 	/System/Library/Frameworks/Security.framework/Versions/A/Security
0x000000000028d000 	/System/Library/Frameworks/ApplicationServices.framework/Versions/A/ApplicationServices
0x000000000028d000 	/usr/lib/libz.1.dylib
0x000000000028d000 	/usr/lib/libSystem.B.dylib
0x000000000028d000 	/usr/lib/libobjc.A.dylib
0x000000000028d000 	/System/Library/Frameworks/CoreFoundation.framework/Versions/A/CoreFoundation
0x000000000028d000 	/System/Library/Frameworks/Foundation.framework/Versions/C/Foundation
0x000000000028d000 	/System/Library/Frameworks/AppKit.framework/Versions/C/AppKit
0x000000000028d000 	/System/Library/Frameworks/CoreData.framework/Versions/A/CoreData
0x000000000028d000 	/System/Library/PrivateFrameworks/RemoteViewServices.framework/Versions/A/RemoteViewServices
0x000000000028d000 	/System/Library/PrivateFrameworks/UIFoundation.framework/Versions/A/UIFoundation
0x000000000028d000 	/System/Library/Frameworks/IOSurface.framework/Versions/A/IOSurface
0x000000000028d000 	/System/Library/Frameworks/AudioToolbox.framework/Versions/A/AudioToolbox
0x000000000028d000 	/System/Library/Frameworks/AudioUnit.framework/Versions/A/AudioUnit
0x000000000028d000 	/System/Library/PrivateFrameworks/DataDetectorsCore.framework/Versions/A/DataDetectorsCore
0x000000000028d000 	/System/Library/PrivateFrameworks/DesktopServicesPriv.framework/Versions/A/DesktopServicesPriv
0x000000000028d000 	/System/Library/Frameworks/Carbon.framework/Versions/A/Frameworks/HIToolbox.framework/Versions/A/HIToolbox
0x000000000028d000 	/System/Library/Frameworks/QuartzCore.framework/Versions/A/QuartzCore
0x000000000028d000 	/System/Library/Frameworks/Carbon.framework/Versions/A/Frameworks/SpeechRecognition.framework/Versions/A/SpeechRecognition
0x000000000028d000 	/usr/lib/libauto.dylib
0x000000000028d000 	/usr/lib/libicucore.A.dylib
0x000000000028d000 	/usr/lib/libxml2.2.dylib
0x000000000028d000 	/System/Library/PrivateFrameworks/CoreUI.framework/Versions/A/CoreUI
0x000000000028d000 	/System/Library/Frameworks/CoreAudio.framework/Versions/A/CoreAudio
0x000000000028d000 	/System/Library/Frameworks/DiskArbitration.framework/Versions/A/DiskArbitration
0x000000000028d000 	/usr/lib/liblangid.dylib
0x000000000028d000 	/System/Library/PrivateFrameworks/MultitouchSupport.framework/Versions/A/MultitouchSupport
0x000000000028d000 	/System/Library/Frameworks/IOKit.framework/Versions/A/IOKit
0x000000000028d000 	/usr/lib/libDiagnosticMessagesClient.dylib
0x000000000028d000 	/System/Library/Frameworks/CoreServices.framework/Versions/A/CoreServices
0x000000000028d000 	/System/Library/PrivateFrameworks/PerformanceAnalysis.framework/Versions/A/PerformanceAnalysis
0x000000000028d000 	/System/Library/PrivateFrameworks/GenerationalStorage.framework/Versions/A/GenerationalStorage
0x000000000028d000 	/System/Library/Frameworks/OpenGL.framework/Versions/A/OpenGL
0x000000000028d000 	/System/Library/PrivateFrameworks/Sharing.framework/Versions/A/Sharing
0x000000000028d000 	/System/Library/Frameworks/CoreGraphics.framework/Versions/A/CoreGraphics
0x000000000028d000 	/System/Library/Frameworks/CoreText.framework/Versions/A/CoreText
0x000000000028d000 	/System/Library/Frameworks/ImageIO.framework/Versions/A/ImageIO
0x000000000028d000 	/usr/lib/libextension.dylib
0x000000000028d000 	/System/Library/PrivateFrameworks/Backup.framework/Versions/A/Backup
0x000000000028d000 	/usr/lib/libarchive.2.dylib
0x000000000028d000 	/System/Library/Frameworks/CFNetwork.framework/Versions/A/CFNetwork
0x000000000028d000 	/System/Library/Frameworks/SystemConfiguration.framework/Versions/A/SystemConfiguration
0x000000000028d000 	/usr/lib/libCRFSuite.dylib
0x000000000028d000 	/usr/lib/libc++.1.dylib
0x000000000028d000 	/usr/lib/libc++abi.dylib
0x000000000028d000 	/usr/lib/system/libcache.dylib
0x000000000028d000 	/usr/lib/system/libcommonCrypto.dylib
0x000000000028d000 	/usr/lib/system/libcompiler_rt.dylib
0x000000000028d000 	/usr/lib/system/libcopyfile.dylib
0x000000000028d000 	/usr/lib/system/libcorecrypto.dylib
0x000000000028d000 	/usr/lib/system/libdispatch.dylib
0x000000000028d000 	/usr/lib/system/libdyld.dylib
0x000000000028d000 	/usr/lib/system/libkeymgr.dylib
0x000000000028d000 	/usr/lib/system/liblaunch.dylib
0x000000000028d000 	/usr/lib/system/libmacho.dylib
0x000000000028d000 	/usr/lib/system/libquarantine.dylib
0x000000000028d000 	/usr/lib/system/libremovefile.dylib
0x000000000028d000 	/usr/lib/system/libsystem_asl.dylib
0x000000000028d000 	/usr/lib/system/libsystem_blocks.dylib
0x000000000028d000 	/usr/lib/system/libsystem_c.dylib
0x000000000028d000 	/usr/lib/system/libsystem_configuration.dylib
0x000000000028d000 	/usr/lib/system/libsystem_coreservices.dylib
0x000000000028d000 	/usr/lib/system/libsystem_coretls.dylib
0x000000000028d000 	/usr/lib/system/libsystem_dnssd.dylib
0x000000000028d000 	/usr/lib/system/libsystem_info.dylib
0x000000000028d000 	/usr/lib/system/libsystem_kernel.dylib
0x000000000028d000 	/usr/lib/system/libsystem_m.dylib
0x000000000028d000 	/usr/lib/system/libsystem_malloc.dylib
0x000000000028d000 	/usr/lib/system/libsystem_network.dylib
0x000000000028d000 	/usr/lib/system/libsystem_networkextension.dylib
0x000000000028d000 	/usr/lib/system/libsystem_notify.dylib
0x000000000028d000 	/usr/lib/system/libsystem_platform.dylib
0x000000000028d000 	/usr/lib/system/libsystem_pthread.dylib
0x000000000028d000 	/usr/lib/system/libsystem_sandbox.dylib
0x000000000028d000 	/usr/lib/system/libsystem_secinit.dylib
0x000000000028d000 	/usr/lib/system/libsystem_stats.dylib
0x000000000028d000 	/usr/lib/system/libsystem_trace.dylib
0x000000000028d000 	/usr/lib/system/libunc.dylib
0x000000000028d000 	/usr/lib/system/libunwind.dylib
0x000000000028d000 	/usr/lib/system/libxpc.dylib
0x000000000028d000 	/usr/lib/libbz2.1.0.dylib
0x000000000028d000 	/usr/lib/liblzma.5.dylib
0x000000000028d000 	/usr/lib/libbsm.0.dylib
0x000000000028d000 	/usr/lib/libsqlite3.dylib
0x000000000028d000 	/usr/lib/system/libkxld.dylib
0x000000000028d000 	/usr/lib/libxar.1.dylib
0x000000000028d000 	/usr/lib/libpam.2.dylib
0x000000000028d000 	/usr/lib/libOpenScriptingUtil.dylib
0x000000000028d000 	/System/Library/Frameworks/CoreServices.framework/Versions/A/Frameworks/FSEvents.framework/Versions/A/FSEvents
0x000000000028d000 	/System/Library/Frameworks/CoreServices.framework/Versions/A/Frameworks/CarbonCore.framework/Versions/A/CarbonCore
0x000000000028d000 	/System/Library/Frameworks/CoreServices.framework/Versions/A/Frameworks/Metadata.framework/Versions/A/Metadata
0x000000000028d000 	/System/Library/Frameworks/CoreServices.framework/Versions/A/Frameworks/OSServices.framework/Versions/A/OSServices
0x000000000028d000 	/System/Library/Frameworks/CoreServices.framework/Versions/A/Frameworks/SearchKit.framework/Versions/A/SearchKit
0x000000000028d000 	/System/Library/Frameworks/CoreServices.framework/Versions/A/Frameworks/AE.framework/Versions/A/AE
0x000000000028d000 	/System/Library/Frameworks/CoreServices.framework/Versions/A/Frameworks/LaunchServices.framework/Versions/A/LaunchServices
0x000000000028d000 	/System/Library/Frameworks/CoreServices.framework/Versions/A/Frameworks/DictionaryServices.framework/Versions/A/DictionaryServices
0x000000000028d000 	/System/Library/Frameworks/NetFS.framework/Versions/A/NetFS
0x000000000028d000 	/System/Library/PrivateFrameworks/NetAuth.framework/Versions/A/NetAuth
0x000000000028d000 	/System/Library/PrivateFrameworks/login.framework/Versions/A/Frameworks/loginsupport.framework/Versions/A/loginsupport
0x000000000028d000 	/System/Library/PrivateFrameworks/TCC.framework/Versions/A/TCC
0x000000000028d000 	/usr/lib/libmecabra.dylib
0x000000000028d000 	/System/Library/Frameworks/ApplicationServices.framework/Versions/A/Frameworks/ATS.framework/Versions/A/ATS
0x000000000028d000 	/System/Library/Frameworks/ApplicationServices.framework/Versions/A/Frameworks/ColorSync.framework/Versions/A/ColorSync
0x000000000028d000 	/System/Library/Frameworks/ApplicationServices.framework/Versions/A/Frameworks/HIServices.framework/Versions/A/HIServices
0x000000000028d000 	/System/Library/Frameworks/ApplicationServices.framework/Versions/A/Frameworks/LangAnalysis.framework/Versions/A/LangAnalysis
0x000000000028d000 	/System/Library/Frameworks/ApplicationServices.framework/Versions/A/Frameworks/PrintCore.framework/Versions/A/PrintCore
0x000000000028d000 	/System/Library/Frameworks/ApplicationServices.framework/Versions/A/Frameworks/QD.framework/Versions/A/QD
0x000000000028d000 	/System/Library/Frameworks/ApplicationServices.framework/Versions/A/Frameworks/SpeechSynthesis.framework/Versions/A/SpeechSynthesis
0x000000000028d000 	/System/Library/Frameworks/Accelerate.framework/Versions/A/Accelerate
0x000000000028d000 	/System/Library/Frameworks/Accelerate.framework/Versions/A/Frameworks/vImage.framework/Versions/A/vImage
0x000000000028d000 	/System/Library/Frameworks/Accelerate.framework/Versions/A/Frameworks/vecLib.framework/Versions/A/vecLib
0x000000000028d000 	/System/Library/Frameworks/Accelerate.framework/Versions/A/Frameworks/vecLib.framework/Versions/A/libvDSP.dylib
0x000000000028d000 	/System/Library/Frameworks/Accelerate.framework/Versions/A/Frameworks/vecLib.framework/Versions/A/libvMisc.dylib
0x000000000028d000 	/System/Library/Frameworks/Accelerate.framework/Versions/A/Frameworks/vecLib.framework/Versions/A/libLAPACK.dylib
0x000000000028d000 	/System/Library/Frameworks/Accelerate.framework/Versions/A/Frameworks/vecLib.framework/Versions/A/libBLAS.dylib
0x000000000028d000 	/System/Library/Frameworks/Accelerate.framework/Versions/A/Frameworks/vecLib.framework/Versions/A/libLinearAlgebra.dylib
0x000000000028d000 	/System/Library/Frameworks/ApplicationServices.framework/Versions/A/Frameworks/ATS.framework/Versions/A/Resources/libFontParser.dylib
0x000000000028d000 	/System/Library/Frameworks/ApplicationServices.framework/Versions/A/Frameworks/ATS.framework/Versions/A/Resources/libFontRegistry.dylib
0x000000000028d000 	/System/Library/PrivateFrameworks/AppleVPA.framework/Versions/A/AppleVPA
0x000000000028d000 	/System/Library/PrivateFrameworks/AppleJPEG.framework/Versions/A/AppleJPEG
0x000000000028d000 	/System/Library/Frameworks/ImageIO.framework/Versions/A/Resources/libJPEG.dylib
0x000000000028d000 	/System/Library/Frameworks/ImageIO.framework/Versions/A/Resources/libTIFF.dylib
0x000000000028d000 	/System/Library/Frameworks/ImageIO.framework/Versions/A/Resources/libPng.dylib
0x000000000028d000 	/System/Library/Frameworks/ImageIO.framework/Versions/A/Resources/libGIF.dylib
0x000000000028d000 	/System/Library/Frameworks/ImageIO.framework/Versions/A/Resources/libJP2.dylib
0x000000000028d000 	/System/Library/Frameworks/ImageIO.framework/Versions/A/Resources/libRadiance.dylib
0x000000000028d000 	/System/Library/Frameworks/CoreVideo.framework/Versions/A/CoreVideo
0x000000000028d000 	/System/Library/Frameworks/OpenGL.framework/Versions/A/Libraries/libGLU.dylib
0x000000000028d000 	/System/Library/Frameworks/OpenGL.framework/Versions/A/Libraries/libGFXShared.dylib
0x000000000028d000 	/System/Library/Frameworks/OpenGL.framework/Versions/A/Libraries/libGL.dylib
0x000000000028d000 	/System/Library/Frameworks/OpenGL.framework/Versions/A/Libraries/libGLImage.dylib
0x000000000028d000 	/System/Library/Frameworks/OpenGL.framework/Versions/A/Libraries/libCVMSPluginSupport.dylib
0x000000000028d000 	/System/Library/Frameworks/OpenGL.framework/Versions/A/Libraries/libCoreVMClient.dylib
0x000000000028d000 	/usr/lib/libcups.2.dylib
0x000000000028d000 	/System/Library/Frameworks/Kerberos.framework/Versions/A/Kerberos
0x000000000028d000 	/System/Library/Frameworks/GSS.framework/Versions/A/GSS
0x000000000028d000 	/usr/lib/libresolv.9.dylib
0x000000000028d000 	/usr/lib/libiconv.2.dylib
0x000000000028d000 	/System/Library/PrivateFrameworks/Heimdal.framework/Versions/A/Heimdal
0x000000000028d000 	/usr/lib/libheimdal-asn1.dylib
0x000000000028d000 	/System/Library/Frameworks/OpenDirectory.framework/Versions/A/OpenDirectory
0x000000000028d000 	/System/Library/PrivateFrameworks/CommonAuth.framework/Versions/A/CommonAuth
0x000000000028d000 	/System/Library/Frameworks/OpenDirectory.framework/Versions/A/Frameworks/CFOpenDirectory.framework/Versions/A/CFOpenDirectory
0x000000000028d000 	/System/Library/Frameworks/SecurityFoundation.framework/Versions/A/SecurityFoundation
0x000000000028d000 	/System/Library/PrivateFrameworks/LanguageModeling.framework/Versions/A/LanguageModeling
0x000000000028d000 	/usr/lib/libcmph.dylib
0x000000000028d000 	/System/Library/Frameworks/ServiceManagement.framework/Versions/A/ServiceManagement
0x000000000028d000 	/usr/lib/libxslt.1.dylib
0x000000000028d000 	/System/Library/Frameworks/Carbon.framework/Versions/A/Frameworks/Ink.framework/Versions/A/Ink
0x000000000028d000 	/System/Library/Frameworks/QuartzCore.framework/Versions/A/Frameworks/CoreImage.framework/Versions/A/CoreImage
0x000000000028d000 	/System/Library/PrivateFrameworks/CrashReporterSupport.framework/Versions/A/CrashReporterSupport
0x000000000028d000 	/System/Library/Frameworks/OpenCL.framework/Versions/A/OpenCL
0x000000000028d000 	/System/Library/PrivateFrameworks/FaceCore.framework/Versions/A/FaceCore
0x000000000028d000 	/System/Library/PrivateFrameworks/Ubiquity.framework/Versions/A/Ubiquity
0x000000000028d000 	/System/Library/PrivateFrameworks/IconServices.framework/Versions/A/IconServices
0x000000000028d000 	/System/Library/PrivateFrameworks/ChunkingLibrary.framework/Versions/A/ChunkingLibrary
0x000000000028d000 	/System/Library/PrivateFrameworks/Apple80211.framework/Versions/A/Apple80211
0x000000000028d000 	/System/Library/Frameworks/CoreWLAN.framework/Versions/A/CoreWLAN
0x000000000028d000 	/System/Library/Frameworks/IOBluetooth.framework/Versions/A/IOBluetooth
0x000000000028d000 	/System/Library/PrivateFrameworks/CoreWiFi.framework/Versions/A/CoreWiFi
0x000000000028d000 	/System/Library/Frameworks/CoreBluetooth.framework/Versions/A/CoreBluetooth
0x000000000028d000 	/System/Library/PrivateFrameworks/DebugSymbols.framework/Versions/A/DebugSymbols
0x000000000028d000 	/System/Library/PrivateFrameworks/CoreSymbolication.framework/Versions/A/CoreSymbolication
0x000000000028d000 	/System/Library/PrivateFrameworks/Symbolication.framework/Versions/A/Symbolication
0x000000000028d000 	/System/Library/PrivateFrameworks/SpeechRecognitionCore.framework/Versions/A/SpeechRecognitionCore
0x0000000110400000 	/Library/Java/JavaVirtualMachines/jdk1.8.0_111.jdk/Contents/Home/jre/lib/server/libjvm.dylib
0x000000000028d000 	/usr/lib/libstdc++.6.dylib
0x000000010fb6c000 	/Library/Java/JavaVirtualMachines/jdk1.8.0_111.jdk/Contents/Home/jre/lib/libverify.dylib
0x000000010fb7a000 	/Library/Java/JavaVirtualMachines/jdk1.8.0_111.jdk/Contents/Home/jre/lib/libjava.dylib
0x000000010fbb9000 	/Library/Java/JavaVirtualMachines/jdk1.8.0_111.jdk/Contents/Home/jre/lib/libzip.dylib
0x00000001273f1000 	/System/Library/Frameworks/JavaVM.framework/Frameworks/JavaRuntimeSupport.framework/JavaRuntimeSupport
0x000000010fbeb000 	/System/Library/Frameworks/JavaVM.framework/Versions/A/Frameworks/JavaNativeFoundation.framework/Versions/A/JavaNativeFoundation
0x0000000127409000 	/System/Library/Frameworks/JavaVM.framework/Versions/A/JavaVM
0x000000000028d000 	/System/Library/Frameworks/Carbon.framework/Versions/A/Carbon
0x0000000127416000 	/System/Library/PrivateFrameworks/JavaLaunching.framework/Versions/A/JavaLaunching
0x000000000028d000 	/System/Library/Frameworks/Carbon.framework/Versions/A/Frameworks/CommonPanels.framework/Versions/A/CommonPanels
0x000000000028d000 	/System/Library/Frameworks/Carbon.framework/Versions/A/Frameworks/Help.framework/Versions/A/Help
0x000000000028d000 	/System/Library/Frameworks/Carbon.framework/Versions/A/Frameworks/ImageCapture.framework/Versions/A/ImageCapture
0x000000000028d000 	/System/Library/Frameworks/Carbon.framework/Versions/A/Frameworks/OpenScripting.framework/Versions/A/OpenScripting
0x000000000028d000 	/System/Library/Frameworks/Carbon.framework/Versions/A/Frameworks/Print.framework/Versions/A/Print
0x000000000028d000 	/System/Library/Frameworks/Carbon.framework/Versions/A/Frameworks/SecurityHI.framework/Versions/A/SecurityHI
0x00000001293a2000 	/Library/Java/JavaVirtualMachines/jdk1.8.0_111.jdk/Contents/Home/jre/lib/libnet.dylib
0x0000000129401000 	/Library/Java/JavaVirtualMachines/jdk1.8.0_111.jdk/Contents/Home/jre/lib/libnio.dylib
0x0000000129412000 	/private/var/folders/4j/q8x8s9zn1h10r960f9vbjwzm0000gn/T/jogamp_0000/file_cache/jln1615306602441026661/jln1643106325753696767/natives/macosx-universal/libgluegen-rt.jnilib
0x0000000129417000 	/Library/Java/JavaVirtualMachines/jdk1.8.0_111.jdk/Contents/Home/jre/lib/libawt.dylib
0x00000001294bf000 	/Library/Java/JavaVirtualMachines/jdk1.8.0_111.jdk/Contents/Home/jre/lib/./libmlib_image.dylib
0x000000012958b000 	/Library/Java/JavaVirtualMachines/jdk1.8.0_111.jdk/Contents/Home/jre/lib/libawt_lwawt.dylib
0x0000000129640000 	/Library/Java/JavaVirtualMachines/jdk1.8.0_111.jdk/Contents/Home/jre/lib/./libosxapp.dylib
0x000000000028d000 	/System/Library/Frameworks/ExceptionHandling.framework/Versions/A/ExceptionHandling
0x000000000028d000 	/System/Library/PrivateFrameworks/CoreServicesInternal.framework/Versions/A/CoreServicesInternal
0x000000000028d000 	/System/Library/PrivateFrameworks/CloudDocs.framework/Versions/A/CloudDocs
0x000000000028d000 	/System/Library/PrivateFrameworks/CoreDuet.framework/Versions/A/CoreDuet
0x000000000028d000 	/System/Library/Frameworks/CloudKit.framework/Versions/A/CloudKit
0x000000000028d000 	/System/Library/PrivateFrameworks/ProtocolBuffer.framework/Versions/A/ProtocolBuffer
0x000000000028d000 	/System/Library/PrivateFrameworks/CoreDuetDaemonProtocol.framework/Versions/A/CoreDuetDaemonProtocol
0x000000000028d000 	/System/Library/PrivateFrameworks/CoreDuetDebugLogging.framework/Versions/A/CoreDuetDebugLogging
0x000000000028d000 	/System/Library/PrivateFrameworks/MMCS.framework/Versions/A/MMCS
0x000000000028d000 	/System/Library/Frameworks/CoreLocation.framework/Versions/A/CoreLocation
0x000000000028d000 	/System/Library/PrivateFrameworks/ProtectedCloudStorage.framework/Versions/A/ProtectedCloudStorage
0x000000000028d000 	/System/Library/PrivateFrameworks/GeoServices.framework/Versions/A/GeoServices
0x000000000028d000 	/System/Library/Frameworks/CoreGraphics.framework/Versions/A/Resources/libCGCMS.A.dylib
0x000000000028d000 	/System/Library/Frameworks/CoreGraphics.framework/Versions/A/Resources/libRIP.A.dylib
0x000000000028d000 	/System/Library/Frameworks/CoreGraphics.framework/Versions/A/Resources/libCGXType.A.dylib
0x000000000028d000 	/System/Library/Frameworks/OpenCL.framework/Versions/A/Libraries/libcldcpuengine.dylib
0x000000000028d000 	/System/Library/PrivateFrameworks/DiskImages.framework/Versions/A/DiskImages
0x000000000028d000 	/System/Library/Frameworks/DiscRecording.framework/Versions/A/DiscRecording
0x000000000028d000 	/usr/lib/libcsfde.dylib
0x000000000028d000 	/usr/lib/libcurl.4.dylib
0x000000000028d000 	/System/Library/PrivateFrameworks/MediaKit.framework/Versions/A/MediaKit
0x000000000028d000 	/usr/lib/libCoreStorage.dylib
0x000000000028d000 	/System/Library/PrivateFrameworks/EFILogin.framework/Versions/A/EFILogin
0x000000000028d000 	/usr/lib/libutil.dylib
0x000000000028d000 	/System/Library/PrivateFrameworks/FindMyDevice.framework/Versions/A/FindMyDevice
0x000000000028d000 	/System/Library/Frameworks/LDAP.framework/Versions/A/LDAP
0x000000000028d000 	/usr/lib/libsasl2.2.dylib
0x000000000028d000 	/System/Library/PrivateFrameworks/CoreDaemon.framework/Versions/B/CoreDaemon
0x000000000028d000 	/usr/lib/libcrypto.0.9.8.dylib
0x000000000028d000 	/System/Library/PrivateFrameworks/AppleSRP.framework/Versions/A/AppleSRP
0x000000000028d000 	/System/Library/PrivateFrameworks/TrustEvaluationAgent.framework/Versions/A/TrustEvaluationAgent
0x000000012ccc8000 	cl_kernels
0x000000012ccca000 	/System/Library/Frameworks/OpenCL.framework/Versions/A/Libraries/ImageFormats/unorm8_bgra.dylib
0x000000012cdf4000 	cl_kernels
0x000000000028d000 	/System/Library/PrivateFrameworks/FamilyControls.framework/Versions/A/FamilyControls
0x000000000028d000 	/System/Library/PrivateFrameworks/CommerceKit.framework/Versions/A/Frameworks/CommerceCore.framework/Versions/A/CommerceCore
0x000000000028d000 	/System/Library/PrivateFrameworks/SystemAdministration.framework/Versions/A/SystemAdministration
0x000000000028d000 	/System/Library/PrivateFrameworks/AppContainer.framework/Versions/A/AppContainer
0x000000000028d000 	/System/Library/PrivateFrameworks/SecCodeWrapper.framework/Versions/A/SecCodeWrapper
0x000000000028d000 	/System/Library/Frameworks/DirectoryService.framework/Versions/A/DirectoryService
0x000000000028d000 	/System/Library/PrivateFrameworks/LoginUIKit.framework/Versions/A/Frameworks/LoginUICore.framework/Versions/A/LoginUICore
0x000000000028d000 	/usr/lib/libodfde.dylib
0x000000012de91000 	/Library/Java/JavaVirtualMachines/jdk1.8.0_111.jdk/Contents/Home/jre/lib/libfontmanager.dylib
0x000000012c200000 	/private/var/folders/4j/q8x8s9zn1h10r960f9vbjwzm0000gn/T/jogamp_0000/file_cache/jln1615306602441026661/jln1643106325753696767/natives/macosx-universal/libnativewindow_awt.jnilib
0x000000012c203000 	/Library/Java/JavaVirtualMachines/jdk1.8.0_111.jdk/Contents/Home/jre/lib/libjawt.dylib
0x000000000028d000 	/System/Library/Frameworks/OpenGL.framework/Versions/A/Resources/GLEngine.bundle/GLEngine
0x000000000028d000 	/System/Library/Frameworks/OpenGL.framework/Versions/A/Libraries/libGLProgrammability.dylib
0x000000012dffb000 	/System/Library/Extensions/AppleIntelHD4000GraphicsGLDriver.bundle/Contents/MacOS/AppleIntelHD4000GraphicsGLDriver
0x000000000028d000 	/System/Library/PrivateFrameworks/IOAccelerator.framework/Versions/A/IOAccelerator
0x000000000028d000 	/System/Library/PrivateFrameworks/GPUSupport.framework/Versions/A/Libraries/libGPUSupportMercury.dylib
0x000000000028d000 	/System/Library/Frameworks/OpenGL.framework/Versions/A/Resources/GLRendererFloat.bundle/GLRendererFloat
0x000000012f0d0000 	/private/var/folders/4j/q8x8s9zn1h10r960f9vbjwzm0000gn/T/jogamp_0000/file_cache/jln1615306602441026661/jln1643106325753696767/natives/macosx-universal/libnativewindow_macosx.jnilib
0x000000012f572000 	/private/var/folders/4j/q8x8s9zn1h10r960f9vbjwzm0000gn/T/jogamp_0000/file_cache/jln1615306602441026661/jln1643106325753696767/natives/macosx-universal/libjogl_desktop.jnilib
0x000000012f6f7000 	/private/var/folders/4j/q8x8s9zn1h10r960f9vbjwzm0000gn/T/jogamp_0000/file_cache/jln1615306602441026661/jln1643106325753696767/natives/macosx-universal/libjogl_mobile.jnilib

VM Arguments:
jvm_args: -Dfile.encoding=UTF-8 
java_command: display.DisplayTests
java_class_path (initial): /Users/romaricportable/Desktop/GITHUB/SpaceMission/bin:/Users/romaricportable/Desktop/GITHUB/SpaceMission/jogamp-all-platforms/jar/gluegen-rt-natives-windows-amd64.jar:/Users/romaricportable/Desktop/GITHUB/SpaceMission/jogamp-all-platforms/jar/gluegen-rt.jar:/Users/romaricportable/Desktop/GITHUB/SpaceMission/jogamp-all-platforms/jar/jogl-all-natives-windows-amd64.jar:/Users/romaricportable/Desktop/GITHUB/SpaceMission/jogamp-all-platforms/jar/jogl-all.jar
Launcher Type: SUN_STANDARD

Environment Variables:
PATH=/usr/bin:/bin:/usr/sbin:/sbin
SHELL=/bin/bash
DISPLAY=/private/tmp/com.apple.launchd.YFpCZPuSJF/org.macosforge.xquartz:0

Signal Handlers:
SIGSEGV: [libjvm.dylib+0x5b03ed], sa_mask[0]=11111111011111110111111111111111, sa_flags=SA_ONSTACK|SA_RESTART|SA_SIGINFO
SIGBUS: [libjvm.dylib+0x5b03ed], sa_mask[0]=11111111011111110111111111111111, sa_flags=SA_RESTART|SA_SIGINFO
SIGFPE: [libjvm.dylib+0x48711c], sa_mask[0]=11111111011111110111111111111111, sa_flags=SA_RESTART|SA_SIGINFO
SIGPIPE: [libjvm.dylib+0x48711c], sa_mask[0]=11111111011111110111111111111111, sa_flags=SA_RESTART|SA_SIGINFO
SIGXFSZ: [libjvm.dylib+0x48711c], sa_mask[0]=11111111011111110111111111111111, sa_flags=SA_RESTART|SA_SIGINFO
SIGILL: [libjvm.dylib+0x48711c], sa_mask[0]=11111111011111110111111111111111, sa_flags=SA_RESTART|SA_SIGINFO
SIGUSR1: SIG_DFL, sa_mask[0]=00000000000000000000000000000000, sa_flags=none
SIGUSR2: [libjvm.dylib+0x486c3a], sa_mask[0]=00100000000000000000000000000000, sa_flags=SA_RESTART|SA_SIGINFO
SIGHUP: [libjvm.dylib+0x485211], sa_mask[0]=11111111011111110111111111111111, sa_flags=SA_RESTART|SA_SIGINFO
SIGINT: [libjvm.dylib+0x485211], sa_mask[0]=11111111011111110111111111111111, sa_flags=SA_RESTART|SA_SIGINFO
SIGTERM: [libjvm.dylib+0x485211], sa_mask[0]=11111111011111110111111111111111, sa_flags=SA_RESTART|SA_SIGINFO
SIGQUIT: [libjvm.dylib+0x485211], sa_mask[0]=11111111011111110111111111111111, sa_flags=SA_RESTART|SA_SIGINFO


---------------  S Y S T E M  ---------------

OS:Bsduname:Darwin 14.5.0 Darwin Kernel Version 14.5.0: Thu Jun 16 19:58:21 PDT 2016; root:xnu-2782.50.4~1/RELEASE_X86_64 x86_64
rlimit: STACK 8192k, CORE 0k, NPROC 709, NOFILE 10240, AS infinity
load average:1.57 1.52 1.45

CPU:total 4 (2 cores per cpu, 2 threads per core) family 6 model 58 stepping 9, cmov, cx8, fxsr, mmx, sse, sse2, sse3, ssse3, sse4.1, sse4.2, popcnt, avx, aes, clmul, erms, ht, tsc, tscinvbit, tscinv

Memory: 4k page, physical 8388608k(77656k free)

/proc/meminfo:


vm_info: Java HotSpot(TM) 64-Bit Server VM (25.111-b14) for bsd-amd64 JRE (1.8.0_111-b14), built on Sep 22 2016 15:31:41 by "java_re" with gcc 4.2.1 (Based on Apple Inc. build 5658) (LLVM build 2336.11.00)

time: Wed Jan  4 22:22:39 2017
elapsed time: 1 seconds (0d 0h 0m 1s)

